<?xml version="1.0" encoding="UTF-8"?>
<testsuite name="Academy Choucair" tests="1" skipped="1" failures="0" errors="0" timestamp="2021-02-02T20:42:22" hostname="DESKTOP-PS3T0DM" time="46.651">
  <properties/>
  <testcase name="Search for a automation course" classname="Academy Choucair" time="46.651">
    <skipped/>
  </testcase>
  <system-out><![CDATA[]]></system-out>
  <system-err><![CDATA[[Test worker] WARN net.thucydides.core.steps.BaseStepListener - stepStarted: net.thucydides.core.steps.ExecutedStepDescription@7ea774ce
[Test worker] WARN net.thucydides.core.steps.BaseStepListener - stepStarted: net.thucydides.core.steps.ExecutedStepDescription@6c99cfd
[Test worker] WARN net.thucydides.core.steps.BaseStepListener - stepStarted: net.thucydides.core.steps.ExecutedStepDescription@54b16612
feb 02, 2021 3:42:26 PM org.openqa.selenium.remote.DesiredCapabilities chrome
INFORMACIÓN: Using `new ChromeOptions()` is preferred to `DesiredCapabilities.chrome()`
[Test worker] INFO net.serenitybdd.core.webdriver.driverproviders.ProvideNewDriver - Instantiating driver
[Test worker] INFO net.serenitybdd.core.webdriver.driverproviders.ProvideNewDriver - Driver capabilities: Capabilities {acceptInsecureCerts: false, browserName: chrome, chrome.switches: --start-maximized, goog:chromeOptions: {args: [--start-maximized], extensions: []}, loggingPrefs: org.openqa.selenium.logging..., platform: ANY, version: }
Starting ChromeDriver 88.0.4324.96 (68dba2d8a0b149a1d3afac56fa74648032bcf46b-refs/branch-heads/4324@{#1784}) on port 25290
Only local connections are allowed.
Please see https://chromedriver.chromium.org/security-considerations for suggestions on keeping ChromeDriver safe.
ChromeDriver was started successfully.
feb 02, 2021 3:42:36 PM org.openqa.selenium.remote.ProtocolHandshake createSession
INFORMACIÓN: Detected dialect: W3C
[Test worker] WARN net.thucydides.core.steps.BaseStepListener - stepFinished: current outcome:Search for a automation course:Given than Rose want to learn automation at the Academy Choucair
| strUser | strPassword |
| 1068664830 | Choucair2021* | [Rose open up [Rose opens the Choucair academy page]]
[Test worker] WARN net.thucydides.core.steps.BaseStepListener - stepFinished: current outcome:Search for a automation course:Given than Rose want to learn automation at the Academy Choucair
| strUser | strPassword |
| 1068664830 | Choucair2021* | [Rose open up [Rose opens the Choucair academy page]]
[Test worker] WARN net.thucydides.core.steps.BaseStepListener - stepStarted: net.thucydides.core.steps.ExecutedStepDescription@1b9ad0b8
[Test worker] WARN net.thucydides.core.steps.BaseStepListener - stepStarted: net.thucydides.core.steps.ExecutedStepDescription@11c72c69
[Test worker] WARN net.thucydides.core.steps.BaseStepListener - stepFinished: current outcome:Search for a automation course:Given than Rose want to learn automation at the Academy Choucair
| strUser | strPassword |
| 1068664830 | Choucair2021* | [Rose open up [Rose opens the Choucair academy page], Rose login [Rose clicks on button that show us the form to login]]
[Test worker] WARN net.thucydides.core.steps.BaseStepListener - stepStarted: net.thucydides.core.steps.ExecutedStepDescription@5c29629
[Test worker] WARN net.thucydides.core.steps.BaseStepListener - stepFinished: current outcome:Search for a automation course:Given than Rose want to learn automation at the Academy Choucair
| strUser | strPassword |
| 1068664830 | Choucair2021* | [Rose open up [Rose opens the Choucair academy page], Rose login [Rose clicks on button that show us the form to login, Rose enters '1068664830' into where do we write the user]]
[Test worker] WARN net.thucydides.core.steps.BaseStepListener - stepStarted: net.thucydides.core.steps.ExecutedStepDescription@7709abf1
[Test worker] WARN net.thucydides.core.steps.BaseStepListener - stepFinished: current outcome:Search for a automation course:Given than Rose want to learn automation at the Academy Choucair
| strUser | strPassword |
| 1068664830 | Choucair2021* | [Rose open up [Rose opens the Choucair academy page], Rose login [Rose clicks on button that show us the form to login, Rose enters '1068664830' into where do we write the user, Rose enters 'Choucair2021*' into where do we write the password]]
[Test worker] WARN net.thucydides.core.steps.BaseStepListener - stepStarted: net.thucydides.core.steps.ExecutedStepDescription@57c1c708
[Test worker] WARN net.thucydides.core.steps.BaseStepListener - stepFinished: current outcome:Search for a automation course:Given than Rose want to learn automation at the Academy Choucair
| strUser | strPassword |
| 1068664830 | Choucair2021* | [Rose open up [Rose opens the Choucair academy page], Rose login [Rose clicks on button that show us the form to login, Rose enters '1068664830' into where do we write the user, Rose enters 'Choucair2021*' into where do we write the password, Rose clicks on button that show us the form to login]]
[Test worker] WARN net.thucydides.core.steps.BaseStepListener - stepFinished: current outcome:Search for a automation course:Given than Rose want to learn automation at the Academy Choucair
| strUser | strPassword |
| 1068664830 | Choucair2021* | [Rose open up [Rose opens the Choucair academy page], Rose login [Rose clicks on button that show us the form to login, Rose enters '1068664830' into where do we write the user, Rose enters 'Choucair2021*' into where do we write the password, Rose clicks on button that show us the form to login]]
[Test worker] WARN net.thucydides.core.steps.BaseStepListener - stepFinished: current outcome:Search for a automation course:Given than Rose want to learn automation at the Academy Choucair
| strUser | strPassword |
| 1068664830 | Choucair2021* | [Rose open up [Rose opens the Choucair academy page], Rose login [Rose clicks on button that show us the form to login, Rose enters '1068664830' into where do we write the user, Rose enters 'Choucair2021*' into where do we write the password, Rose clicks on button that show us the form to login]]
[Test worker] WARN net.thucydides.core.steps.BaseStepListener - stepStarted: net.thucydides.core.steps.ExecutedStepDescription@62be1458
[Test worker] INFO net.thucydides.core.steps.ConsoleLoggingListener - TEST PENDING
[Test worker] WARN net.thucydides.core.steps.BaseStepListener - stepStarted: net.thucydides.core.steps.ExecutedStepDescription@e7438f
[Test worker] WARN net.thucydides.core.steps.BaseStepListener - testFinished: Search for a automation course:Given than Rose want to learn automation at the Academy Choucair
| strUser | strPassword |
| 1068664830 | Choucair2021* | [Rose open up [Rose opens the Choucair academy page], Rose login [Rose clicks on button that show us the form to login, Rose enters '1068664830' into where do we write the user, Rose enters 'Choucair2021*' into where do we write the password, Rose clicks on button that show us the form to login]], When she search for the course on the Choucair academy plataform
| strCourse |
| Recursos Automatizacion Bancolombia |, Then he finds the course called
| strCourse |
| Recursos Automatizacion Bancolombia |
[Test worker] WARN net.thucydides.core.steps.BaseStepListener - TestOutcomes: [Search for a automation course:Given than Rose want to learn automation at the Academy Choucair
| strUser | strPassword |
| 1068664830 | Choucair2021* | [Rose open up [Rose opens the Choucair academy page], Rose login [Rose clicks on button that show us the form to login, Rose enters '1068664830' into where do we write the user, Rose enters 'Choucair2021*' into where do we write the password, Rose clicks on button that show us the form to login]], When she search for the course on the Choucair academy plataform
| strCourse |
| Recursos Automatizacion Bancolombia |, Then he finds the course called
| strCourse |
| Recursos Automatizacion Bancolombia |]
[Test worker] WARN net.thucydides.core.steps.BaseStepListener - Final testOutcomes: [Search for a automation course:Given than Rose want to learn automation at the Academy Choucair
| strUser | strPassword |
| 1068664830 | Choucair2021* | [Rose open up [Rose opens the Choucair academy page], Rose login [Rose clicks on button that show us the form to login, Rose enters '1068664830' into where do we write the user, Rose enters 'Choucair2021*' into where do we write the password, Rose clicks on button that show us the form to login]], When she search for the course on the Choucair academy plataform
| strCourse |
| Recursos Automatizacion Bancolombia |, Then he finds the course called
| strCourse |
| Recursos Automatizacion Bancolombia |]
[Test worker] INFO net.thucydides.core.steps.ConsoleLoggingListener - 
          __  _____ _____ ____ _____   ____  _____ _   _ ____ ___ _   _  ____ 
 _       / / |_   _| ____/ ___|_   _| |  _ \| ____| \ | |  _ \_ _| \ | |/ ___|
(_)____ / /    | | |  _| \___ \ | |   | |_) |  _| |  \| | | | | ||  \| | |  _ 
 |_____/ /     | | | |___ ___) || |   |  __/| |___| |\  | |_| | || |\  | |_| |
(_)   /_/      |_| |_____|____/ |_|   |_|   |_____|_| \_|____/___|_| \_|\____|
                                                                                

TEST PENDING: Search for a automation course
---------------------------------------------------------------------------------
]]></system-err>
</testsuite>
